029
------------------O----------X
-----------------------------X
--------------O-O---O-------X-
------------------O---------X-
----------------O----------X--
----------------------O----X--
---O------OOOOOOOOOOOOOOOOOX--
----------OOOOOOOOOOOOOOOOOX--
----------OOOOOOOOOOOOOOOOOX--
--O--O----OOOOOOOOOOOOOOOOOX--
----------OOOOOOOOOOOOOOOOOX--
---------OOOOOOOOOOOOOOOOOOX--
OOOOOOO---------O---------X---
OOOOOOO------------------X----
OOOOOOO-----------------X-----
OOOOOOO----OOOOOO------X-OOOOO
OOOOOOO----OOOOOO-----XOOOOOOO
OOOOOOO----OOOOOO----X--------
OOOOOOO----OOOOOO---X---------
OOOOOOO----OOOOOO--XO---------
OOOOOOO----OOOOOO-X-----------
-----------------X------------
OOOOOOOOOOOOOOO-X-------------
OOOOOOOOOOOOOOOX--------------
-----------OXXX---------------
--XXXXXXXXXX------------------
-X----------------------------
XO----------------------------
XO----------------------------
XO----------------------------
